<?xml version="1.0" encoding="UTF-8"?>
<!-- Generated by org.testng.reporters.JUnitReportReporter -->
<testsuite hostname="DESKTOP-QI6H2EA" failures="0" tests="1" name="JavaStreamPractice" time="23.155" errors="0" timestamp="2024-06-19T12:35:26 IST" skipped="0">
  <testcase classname="JavaStreamPractice" name="SubmitOrderTest" time="23.155"/>
  <system-out/>
</testsuite> <!-- JavaStreamPractice -->
