<?xml version="1.0" encoding="UTF-8"?>
<!-- Generated by org.testng.reporters.JUnitReportReporter -->
<testsuite hostname="DESKTOP-QI6H2EA" failures="0" tests="1" name="ErrorValidationTest" time="0.908" errors="0" timestamp="2024-07-04T23:31:37 IST" skipped="0">
  <testcase classname="ErrorValidationTest" name="ErrorValidationTest" time="0.908"/>
  <system-out/>
</testsuite> <!-- ErrorValidationTest -->
